<?xml version="1.0" encoding="UTF-8"?>
<!-- Generated by org.testng.reporters.JUnitXMLReporter -->
<testsuite ignored="0" hostname="admin" failures="0" tests="6" name="Test1" time="0.115" errors="0" timestamp="2023-06-17T20:23:31 IST">
  <testcase classname="TestNG.GroupExe" name="AdminLogin" time="0.008"/>
  <testcase classname="TestNG.GroupExe" name="AdminReg" time="0.004"/>
  <testcase classname="TestNG.GroupExe" name="MerLogin" time="0.002"/>
  <testcase classname="TestNG.GroupExe" name="MerReg" time="0.002"/>
  <testcase classname="TestNG.GroupExe" name="UserLogin" time="0.001"/>
  <testcase classname="TestNG.GroupExe" name="UserReg" time="0.004"/>
</testsuite> <!-- Test1 -->
