<?xml version="1.0" encoding="UTF-8"?>
<!-- Generated by org.testng.reporters.JUnitXMLReporter -->
<testsuite ignored="0" hostname="admin" failures="0" tests="6" name="Default test" time="0.18" errors="0" timestamp="2023-06-11T12:23:51 IST">
  <testcase classname="TestNG.GroupExe" name="AdminLogin" time="0.019"/>
  <testcase classname="TestNG.GroupExe" name="AdminReg" time="0.005"/>
  <testcase classname="TestNG.GroupExe" name="MerLogin" time="0.006"/>
  <testcase classname="TestNG.GroupExe" name="MerReg" time="0.003"/>
  <testcase classname="TestNG.GroupExe" name="UserLogin" time="0.007"/>
  <testcase classname="TestNG.GroupExe" name="UserReg" time="0.003"/>
</testsuite> <!-- Default test -->
